[backblue.gif]
[fade.gif]
[index.html]
[localhost_3001/assets/jquery-6a50177757f6c64493882fb7aae952c37e76.js]
[localhost_3001/assets/jquery_ujs-03cb26c4b41579fc5e95ea8f47ac5e187e76.js]
[localhost_3001/assets/jquery-ui/core-1b7c67c27061f4ad2624a7b2bb6376087e76.js]
[localhost_3001/assets/jquery-ui/widget-98ec3d84dce50a65097d47aa235d43637e76.js]
[localhost_3001/assets/jquery-ui/accordion-800af5f2ad917b5dec75ad845262bfc37e76.js]
[localhost_3001/assets/jquery-ui/position-d34dcacd4906ad833ccae1ba3e93f6357e76.js]
[localhost_3001/assets/jquery-ui/menu-55b80326a8cb9acade49cbe5c166360c7e76.js]
[localhost_3001/assets/jquery-ui/autocomplete-5c9aad89fa8e5f5ddcfe385f8cda214e7e76.js]
[localhost_3001/assets/jquery-ui/button-97ae1b6f6700e1f1ddc7ac17a59ef2277e76.js]
[localhost_3001/assets/jquery-ui/datepicker-534dcdb0a626e169ac1efa63b0a5e7df7e76.js]
[localhost_3001/assets/jquery-ui/mouse-6e5375ffd72e499d39b33c8bda31f9957e76.js]
[localhost_3001/assets/jquery-ui/draggable-80350e80b7ae9dbe03f60cdd9ca06a4b7e76.js]
[localhost_3001/assets/jquery-ui/resizable-87506e6990be7e22b4c0782615167b437e76.js]
[localhost_3001/assets/jquery-ui/dialog-f1aef480ab22eb9d7532420b7b2507067e76.js]
[localhost_3001/assets/jquery-ui/droppable-23d1acbc14f4c10ba01167075042c13c7e76.js]
[localhost_3001/assets/jquery-ui/effect-9924fec3ea056f9fe81223236c17b9987e76.js]
[localhost_3001/assets/jquery-ui/effect-blind-3779c4d61d22bb3b452ff65ca5bd285e7e76.js]
[localhost_3001/assets/jquery-ui/effect-bounce-be9749cc3595419647b831454387da627e76.js]
[localhost_3001/assets/jquery-ui/effect-clip-fa194647341f682e8e33fd873faf07007e76.js]
[localhost_3001/assets/jquery-ui/effect-drop-b87b8d3012ffdc6614c7bd719ef2958f7e76.js]
[localhost_3001/assets/jquery-ui/effect-explode-c16310b112b4a72b0da136753d46dd2b7e76.js]
[localhost_3001/assets/jquery-ui/effect-fade-c01293948995be808fba0d5cae2f8e167e76.js]
[localhost_3001/assets/jquery-ui/effect-fold-3ae2c8102cbd0013743f36e2f52377bb7e76.js]
[localhost_3001/assets/jquery-ui/effect-highlight-afac3ef1878313f321401a3f9db40fa07e76.js]
[localhost_3001/assets/jquery-ui/effect-size-26f0f84b91ea63328aa3365cdc5c2b547e76.js]
[localhost_3001/assets/jquery-ui/effect-scale-bd60b7580fe8053b2dc01130535158197e76.js]
[localhost_3001/assets/jquery-ui/effect-puff-0e0d353a411c8dabade92e5b66dc50c07e76.js]
[localhost_3001/assets/jquery-ui/effect-pulsate-20bc9f74b8c076291ca8c4551b11045b7e76.js]
[localhost_3001/assets/jquery-ui/effect-shake-24bdb7539d1098dfa3320797c153aa4c7e76.js]
[localhost_3001/assets/jquery-ui/effect-slide-f732c7d86076fdd203325ff1303135f77e76.js]
[localhost_3001/assets/jquery-ui/effect-transfer-864e6e40b0b0463ebc93e630015881ad7e76.js]
[localhost_3001/assets/jquery-ui/progressbar-cdc2795bb6dcf361fb3b15a722893be17e76.js]
[localhost_3001/assets/jquery-ui/selectable-8463f51da4280a4d357474266bcf3ace7e76.js]
[localhost_3001/assets/jquery-ui/selectmenu-3d72259ec75fb7b368b55e1f34037c637e76.js]
[localhost_3001/assets/jquery-ui/slider-a16412d728fb43a52c79845bc67342e57e76.js]
[localhost_3001/assets/jquery-ui/sortable-7fd8d3ba15f8424c17bfa54ad87169957e76.js]
[localhost_3001/assets/jquery-ui/spinner-d1e5c2fb4eadf1108d95148d816e43da7e76.js]
[localhost_3001/assets/jquery-ui/tabs-9b96c21adac6d00e8f6c9c276c4d4d237e76.js]
[localhost_3001/assets/jquery-ui/tooltip-ec35d8561c0100b2701b4d103b7d337d7e76.js]
[localhost_3001/assets/jquery-ui-6aa2b5a16e931b3dcf156fef743647f87e76.js]
[localhost_3001/assets/google-map-api-c09411b86332b5c160a13c3735251fb67e76.js]
[localhost_3001/assets/profil_page-c9cd566bf0bb31ecf8f2b67c0e1193af7e76.js]
[localhost_3001/assets/search_result-d21e33c1b131dd1953e10c20ce15bf347e76.js]
[localhost_3001/assets/directories-32740fa4bc301ff5ef2eca5d8d82335a7e76.js]
[localhost_3001/assets/main-32740fa4bc301ff5ef2eca5d8d82335a7e76.js]
[localhost_3001/assets/pages-32740fa4bc301ff5ef2eca5d8d82335a7e76.js]
[localhost_3001/assets/pdfpages-32740fa4bc301ff5ef2eca5d8d82335a7e76.js]
[localhost_3001/assets/application-890ebe78fd26486746c08064554819677e76.js]
[localhost_3001/directories.html]
[localhost_3001/assets/jquery-ui/ui-bg_flat_75_ffffff_40x100-34ac1ecc050cd8cec0f776f952959fdd.png]
[localhost_3001/assets/jquery-ui/ui-bg_highlight-soft_75_cccccc_1x100-c5e1ffa5dd5b0030da56b778cd27bae6.png]
[localhost_3001/assets/jquery-ui/ui-bg_glass_75_e6e6e6_1x400-5985c9649ed47f9cd57d8ef690fb9e18.png]
[localhost_3001/assets/jquery-ui/ui-bg_glass_75_dadada_1x400-9facf0e0ff9ac5c2f80d72daaf7e0a78.png]
[localhost_3001/assets/jquery-ui/ui-bg_glass_65_ffffff_1x400-c7803648e98e159c95b0dc9743bc8889.png]
[localhost_3001/assets/jquery-ui/ui-bg_glass_55_fbf9ee_1x400-a2e04be366999d8f417b64cdfb1bb131.png]
[localhost_3001/assets/jquery-ui/ui-bg_glass_95_fef1ec_1x400-09d117a7d3ea8a71fbacb5846344b14f.png]
[localhost_3001/assets/jquery-ui/ui-icons_222222_256x240-a33998499dc8fa20ace79df5e9c05be4.png]
[localhost_3001/assets/jquery-ui/ui-icons_888888_256x240-8cde4354a437674e02aa0259abe39df8.png]
[localhost_3001/assets/jquery-ui/ui-icons_454545_256x240-5a1ff08edd3f3562ab413172a7924ab1.png]
[localhost_3001/assets/jquery-ui/ui-icons_2e83ff_256x240-41e1914bad0a97612a6d421b9ca6ae8a.png]
[localhost_3001/assets/jquery-ui/ui-icons_cd0a0a_256x240-8effd1462800da3a0ee6f35134239678.png]
[localhost_3001/assets/jquery-ui/ui-bg_flat_0_aaaaaa_40x100-41c040291e219dfd59ef9742a0cb1a7b.png]
[localhost_3001/assets/jquery-ui/theme-9c96d40d5f1cee93a033530059f8655c7e76.css]
[localhost_3001/assets/jquery-ui/core-45da1398e105c1a701594beb96b5951a7e76.css]
[localhost_3001/assets/jquery-ui/accordion-b6da678dec9bbd76101ddb7c47176ba17e76.css]
[localhost_3001/assets/jquery-ui/menu-0afdcc8deb2a97993860fb54de0ca69b7e76.css]
[localhost_3001/assets/jquery-ui/autocomplete-b412998c170a891177a22fe51691fd4f7e76.css]
[localhost_3001/assets/jquery-ui/button-a93047eab8a387bd93a94862021a21f67e76.css]
[localhost_3001/assets/jquery-ui/datepicker-7deeac526bc8f1843f59c42f04d565bf7e76.css]
[localhost_3001/assets/jquery-ui/draggable-3b0a63a736a815899702d8cadcf418fb7e76.css]
[localhost_3001/assets/jquery-ui/resizable-c08c272e9cbfb83c74c66e7eb50d952e7e76.css]
[localhost_3001/assets/jquery-ui/dialog-300e1b33f1f06aa9ecb86f8094df6c127e76.css]
[localhost_3001/assets/jquery-ui/progressbar-a285de8ed616d2026fcb37729f78f90c7e76.css]
[localhost_3001/assets/jquery-ui/selectable-d95fa78d42a748edade132e14f7336337e76.css]
[localhost_3001/assets/jquery-ui/selectmenu-da6c027da416cc7ff00cafb257bd543b7e76.css]
[localhost_3001/assets/jquery-ui/sortable-d577d4b094488f9507a46da0f61d79137e76.css]
[localhost_3001/assets/jquery-ui/slider-e34fea8ca3861f4da7e4780065a2c0617e76.css]
[localhost_3001/assets/jquery-ui/spinner-a6c915e5a9a889b2b19793e077dd01c57e76.css]
[localhost_3001/assets/jquery-ui/tabs-2db13514dacc173f4505023da06b22de7e76.css]
[localhost_3001/assets/jquery-ui/tooltip-0b7a56e7ca147ec6c6950cb586bd65d37e76.css]
[localhost_3001/assets/jquery-ui/base-ee0582b34a0ca756b33417c29013c3a27e76.css]
[localhost_3001/assets/jquery-ui/all-ca9481053d61c1e2373e84be6b60dae67e76.css]
[localhost_3001/assets/century_gothic-6189d746b56f9a56e307dce577e38ce1.ttf]
[localhost_3001/assets/fontawesome-webfont-274d058cd851210a5298098ba0f80b0178ce.eot]
[localhost_3001/assets/fontawesome-webfont-274d058cd851210a5298098ba0f80b01d41d.eot]
[localhost_3001/assets/fontawesome-webfont-21342823ca27caf2995946b16945227d78ce.woff]
[localhost_3001/assets/fontawesome-webfont-ca32584791becb1d9c749bbe130e71c978ce.ttf]
[localhost_3001/assets/application-ffe9d21882adad880baabc4d32932c467e76.css]
[localhost_3001/assets/map-background-header-3269b3fc868fd38cfe44be350968237c.jpg]
[localhost_3001/assets/flags/flag-ar-726e7675c469de42f14066973815f6e3.jpg]
[localhost_3001/assets/flags/flag-fr-8093c6fd7476152d0ea3979751c08c53.jpg]
[localhost_3001/assets/flags/flag-es-bc64816da4e0df46c260267a1521150b.jpg]
[localhost_3001/assets/qr/really_cool_qr_image-646aa486a5a081d4c585c4df2d77ef4a.png]
[localhost_3001/pdfpages/name_file.pdf]
[localhost_3001/pdfpages/name_file-2.pdf]
[localhost_3001/directories/eb177aa7-bc80-48bb-9b2e-d832d238f555.html]
[localhost_3001/system/directories/eb177aa7-bc80-48bb-9b2e-d832d238f555/item.html]
[localhost_3001/directories/daa5577b-1c60-4169-be5a-88f986843322.html]
[localhost_3001/pdfpages/name_file-3.pdf]
[localhost_3001/directories4658.html]
[localhost_3001/assets/fontawesome-webfont-1083cc7d5bfb23fc1d4f9159d5357f3f78ce.svg]
[localhost_3001/directories/9a9da35d-d281-4d02-9a65-41aa4f0a7f9a.html]
[localhost_3001/system/directories/9a9da35d-d281-4d02-9a65-41aa4f0a7f9a/item.html]
[localhost_3001/images/flags/flag-en.html]
