[backblue.gif]
[fade.gif]
[index.html]
[localhost_3005/assets/vendor/modernizr7e76.js]
[localhost_3005/assets/index/mini-1.png]
[localhost_3005/assets/index/mini-2.png]
[localhost_3005/assets/index/mini-3.png]
[localhost_3005/assets/index/mini-4.png]
[localhost_3005/assets/index/mini-5.png]
[localhost_3005/assets/index/mini-6.png]
[localhost_3005/assets/index/mini-7.png]
[localhost_3005/assets/index/mini-8.png]
[localhost_3005/assets/index/mini-9.png]
[localhost_3005/assets/index/mini-10.png]
[localhost_3005/assets/index/mini-11.png]
[localhost_3005/assets/index/mini-12.png]
[localhost_3005/assets/index/mini-13.png]
[localhost_3005/assets/index/mini-14.png]
[localhost_3005/assets/index/mini-15.png]
[localhost_3005/assets/index/mini-16.png]
[localhost_3005/assets/index/mini-17.png]
[localhost_3005/assets/index/mini-18.png]
[localhost_3005/assets/index/mini-19.png]
[localhost_3005/assets/index/mini-20.png]
[localhost_3005/assets/jquery/jquery7e76.js]
[localhost_3005/assets/jquery_ujs7e76.js]
[localhost_3005/assets/foundation/foundation7e76.js]
[localhost_3005/assets/foundation/foundation.abide7e76.js]
[localhost_3005/assets/foundation/foundation.accordion7e76.js]
[localhost_3005/assets/foundation/foundation.alert7e76.js]
[localhost_3005/assets/foundation/foundation.clearing7e76.js]
[localhost_3005/assets/foundation/foundation.dropdown7e76.js]
[localhost_3005/assets/foundation/foundation.interchange7e76.js]
[localhost_3005/assets/foundation/foundation.joyride7e76.js]
[localhost_3005/assets/foundation/foundation.magellan7e76.js]
[localhost_3005/assets/foundation/foundation.offcanvas7e76.js]
[localhost_3005/assets/foundation/foundation.orbit7e76.js]
[localhost_3005/assets/foundation/foundation.reveal7e76.js]
[localhost_3005/assets/foundation/foundation.slider7e76.js]
[localhost_3005/assets/foundation/foundation.tab7e76.js]
[localhost_3005/assets/foundation/foundation.tooltip7e76.js]
[localhost_3005/assets/foundation/foundation.topbar7e76.js]
[localhost_3005/assets/foundation/foundation.equalizer7e76.js]
[localhost_3005/assets/foundation7e76.js]
[localhost_3005/assets/slick7e76.js]
[localhost_3005/assets/tab_widget7e76.js]
[localhost_3005/assets/img_slider7e76.js]
[localhost_3005/assets/goat_37e76.js]
[localhost_3005/assets/chiken_27e76.js]
[localhost_3005/assets/elevage_27e76.js]
[localhost_3005/assets/page7e76.js]
[localhost_3005/assets/timer7e76.js]
[localhost_3005/assets/application7e76.js]
[localhost_3005/index.html]
[localhost_3005/assets/century_gothic.ttf]
[localhost_3005/assets/fontawesome-webfont.eot]
[localhost_3005/assets/fontawesome-webfont.woff]
[localhost_3005/assets/fontawesome-webfont.ttf]
[localhost_3005/assets/fontawesome-webfontd41d.eot]
[localhost_3005/assets/ajax-loader.gif]
[localhost_3005/assets/slick.eot]
[localhost_3005/assets/slickd41d.eot]
[localhost_3005/assets/slick.woff]
[localhost_3005/assets/slick.ttf]
[localhost_3005/assets/chip.png]
[localhost_3005/assets/application7e76.css]
[localhost_3005/page/group_purchase.html]
[localhost_3005/page/group_purchase_2.html]
[localhost_3005/assets/percent.png]
[localhost_3005/page/promo_grouped.html]
[localhost_3005/page/elevage_2.html]
[localhost_3005/assets/stock_logo.png]
[localhost_3005/page/promo_provider.html]
[localhost_3005/assets/icons/send-link.png]
[localhost_3005/assets/icons/message-link.png]
[localhost_3005/assets/icons/demande-link.png]
[localhost_3005/assets/icons/devis-link.png]
[localhost_3005/assets/icons/locate-link.png]
[localhost_3005/page/book.html]
[localhost_3005/assets/icons/acces-link.png]
[localhost_3005/page/book_list.html]
[localhost_3005/assets/logo_agritamwin.png]
[localhost_3005/page/profil.html]
[localhost_3005/page/profil_2.html]
[localhost_3005/page/profil_3.html]
[localhost_3005/page/elevage.html]
[localhost_3005/page/goat.html]
[localhost_3005/page/goat_2.html]
[localhost_3005/page/goat_3.html]
[localhost_3005/page/rabbit.html]
[localhost_3005/page/ovine.html]
[localhost_3005/page/ovine_2.html]
[localhost_3005/page/ovine_3.html]
[localhost_3005/page/chiken.html]
[localhost_3005/page/chiken_2.html]
[localhost_3005/assets/jquery7e76.js]
[localhost_3005/assets/fontawesome-webfont.svg]
[localhost_3005/assets/slick.svg]
[localhost_3005/page/random.html]
