[backblue.gif]
[fade.gif]
[index.html]
[localhost_3001/assets/vendor/modernizr-f127e43d5cf6d9fea4311e4394ab30277e76.js]
[localhost_3001/assets/home-mini/mini-index-3a805fd524bdd8a7e292c886fab0587e.png]
[localhost_3001/assets/home-mini/mini-result-cefa0fe9d0d9326b7c11dcabe82835b0.png]
[localhost_3001/assets/home-mini/mini-new_acc-49a291c1e5fa409ac93f48f0a9ee0f33.png]
[localhost_3001/assets/home-mini/mini-search-551544b17b105c5185269bab19db7867.png]
[localhost_3001/assets/home-mini/mini-ask_rdv-8f33af2a6e2f530f138967ec0bb0839d.png]
[localhost_3001/assets/home-mini/mini-profil-0396d3b5304cefa1f6d83e7862db2ea4.png]
[localhost_3001/assets/home-mini/mini-para_result-813d1cb15b4994307e19b4503203a29d.png]
[localhost_3001/assets/home-mini/mini-pharma_result-1576c3068c3333ee200e3c67b1745f97.png]
[localhost_3001/assets/home-mini/mini-product_para_result-39d4e4daf4226829b3ada4f210565223.png]
[localhost_3001/assets/home-mini/mini-hair_color_main-86e430dbcd85a11b32689e13a90a6e63.png]
[localhost_3001/assets/home-mini/mini-hair_contact-b58724e2489a008464f7f2c898ef6085.png]
[localhost_3001/assets/home-mini/mini-hair_service-3f1e5f1335253f69301753f40d22a705.png]
[localhost_3001/assets/home-mini/mini-hair_result-b1e3231441ce7b693319360139b66884.png]
[localhost_3001/assets/home-mini/mini-hair_main-f6e66e43fa69ec98f1e0ccd1a2f2b901.png]
[localhost_3001/assets/home-mini/mini-landing_karate-5137a3e280cec48aae2e9560ce66bf35.png]
[localhost_3001/assets/home-mini/mini-landing_sport-767e0f29ecab75c5010718426dc3bbb0.png]
[localhost_3001/assets/home-mini/mini-sport_result-b1e7fbe967f66893503e2b9d3d48ea68.png]
[localhost_3001/assets/home-mini/mini-landing_martial-2fdcaf11b07b93190e035da11d04b6a6.png]
[localhost_3001/assets/home-mini/mini-sport_details-f7b7d7216177714117e4b1ebc10d04b4.png]
[localhost_3001/assets/home-mini/mini-sport_profil-cda866c1ae987920f552013319272acc.png]
[localhost_3001/assets/home-mini/mini-yoga_result-ac3acd280f4f745fa0357091046b0066.png]
[localhost_3001/assets/home-mini/mini-landing_deco-21b090a8e71aeddffa4e9baed20c485d.png]
[localhost_3001/assets/home-mini/mini-services_deco-691443275b81f220f1f42a9558c9e546.png]
[localhost_3001/assets/home-mini/mini-login_deco-7480bb622112aeb26a1d9581d7d4cc5a.png]
[localhost_3001/assets/home-mini/mini-details_deco-8ec96ae35a44fa31e6f96c8cd84e24d2.png]
[localhost_3001/assets/home-mini/mini-contact_deco-64101d00c7b93f5bc70168b14ee951f9.png]
[localhost_3001/assets/home-mini/mini-order_deco-2d476e7489170aaa41809d54fc9967aa.png]
[localhost_3001/assets/home-mini/mini-landing_party-bf7551bd3fa0dec2ffa8cdb251564f95.png]
[localhost_3001/assets/home-mini/mini-party_result-89c6a29336f192bf7a2b351fbe24f4ba.png]
[localhost_3001/assets/home-mini/mini-fashion_result-6f95edcaf86b2c52c71eb6d31b2e8488.png]
[localhost_3001/assets/home-mini/mini-fashion_landing-5170a96841c8eaa8f0b2722fc1b4ea06.png]
[localhost_3001/assets/jquery-dfb1e594c3e61a04cc388702c3feec1f7e76.js]
[localhost_3001/assets/jquery_ujs-d68671a1cc3ff7bd3f96ef9686111a5d7e76.js]
[localhost_3001/assets/foundation/foundation-b71ae775136bc563be85cc167efe753b7e76.js]
[localhost_3001/assets/foundation/foundation.abide-42dae489ee6d4b2a878a9c7841d2bdb97e76.js]
[localhost_3001/assets/foundation/foundation.accordion-1bcc57b33b7851bdc4d0f232b5b67f847e76.js]
[localhost_3001/assets/foundation/foundation.alert-5944a282c7906d3ac85d8d588e30f3f67e76.js]
[localhost_3001/assets/foundation/foundation.clearing-b7d8527bf88835ae3ce991b4745203577e76.js]
[localhost_3001/assets/foundation/foundation.dropdown-f60582c4ade08ad752ca239fa2d00d2e7e76.js]
[localhost_3001/assets/foundation/foundation.interchange-a6bfb6d42707a063b2bd0d8459766d1d7e76.js]
[localhost_3001/assets/foundation/foundation.joyride-5a07f8a9230283b0b7e66f66da872f4c7e76.js]
[localhost_3001/assets/foundation/foundation.magellan-f2b2808994445ec4332e09c3a66135787e76.js]
[localhost_3001/assets/foundation/foundation.offcanvas-183d16a18b5aed5f68de79a8f7efba7c7e76.js]
[localhost_3001/assets/foundation/foundation.orbit-c1ff80c83c351487ec9ba17d970eb29c7e76.js]
[localhost_3001/assets/foundation/foundation.reveal-9658e372155482d3c1512763ef87047d7e76.js]
[localhost_3001/assets/foundation/foundation.slider-ab6ed6a771604b8e8b54a5a376473b617e76.js]
[localhost_3001/assets/foundation/foundation.tab-b9e9c3289b53223c89ba39d032dbb2f77e76.js]
[localhost_3001/assets/foundation/foundation.tooltip-dd9ce63905a7d53750245b264186a1cd7e76.js]
[localhost_3001/assets/foundation/foundation.topbar-192107a8907aed429c0383c03b67e06d7e76.js]
[localhost_3001/assets/foundation/foundation.equalizer-f375c264a91ef13645ac1487d4d4fd367e76.js]
[localhost_3001/assets/foundation-7ee62abac90a4dbb458082642e3b27e67e76.js]
[localhost_3001/assets/slick-67421c456ffb224fa647c0a6887d749d7e76.js]
[localhost_3001/assets/text_ratings_to_stars-88de3a47fdf951475fe5aa913dd5afe97e76.js]
[localhost_3001/assets/ticker_product-0879f3a073a84fdc5512e9f63dfffbc77e76.js]
[localhost_3001/assets/turbolinks-60c7d150bd7b7a75d67e6d1f0d4129a67e76.js]
[localhost_3001/assets/ask_rdv-09f06e1132ba7c9ead82d1bfe194b8b47e76.js]
[localhost_3001/assets/body_properties-5cf9e471f6dbffd4600ae141132a58887e76.js]
[localhost_3001/assets/closing_widget-f4a09cab3c946c8e87f34dcb00d388dd7e76.js]
[localhost_3001/assets/page-5cf9e471f6dbffd4600ae141132a58887e76.js]
[localhost_3001/assets/print_value_range_slider-5ed28dd2622f57fda9ac79b124b331507e76.js]
[localhost_3001/assets/slider_progress-10e41a984018e37655e9f103e6a674217e76.js]
[localhost_3001/assets/tab_widget-8fb5c60ddf9693e7b59f4dce49681ad07e76.js]
[localhost_3001/index.html]
[localhost_3001/assets/application-7585048ed1e437b0bd441e928daca9c07e76.js]
[localhost_3001/assets/century_gothic-eaafc21e9c8568ea50bb0168162871b3.ttf]
[localhost_3001/assets/font-logo-3f48f0d41cc07a54d8a92d0a590c6283.ttf]
[localhost_3001/assets/ajax-loader-d20df6232ec7a474f8a2129a86483905.gif]
[localhost_3001/assets/slick-978283bd083fb5d770ddd9ba28571469.eot]
[localhost_3001/assets/slick-978283bd083fb5d770ddd9ba28571469d41d.eot]
[localhost_3001/assets/slick-7248b3c5a2d4f589bee64be6c7802f6f.woff]
[localhost_3001/assets/slick-e242071e38228dc92806db5cb7db6783.ttf]
[localhost_3001/assets/fontawesome-webfont-751efc903b0f10fc8d87302d01d9caad78ce.eot]
[localhost_3001/assets/fontawesome-webfont-751efc903b0f10fc8d87302d01d9caadd41d.eot]
[localhost_3001/assets/fontawesome-webfont-d337bae9e3253f2d83d3cae725eca35b78ce.woff]
[localhost_3001/assets/fontawesome-webfont-8fe4cc5aeaa174101b6fc81777890d4378ce.ttf]
[localhost_3001/assets/application-43cfe5fa7ca8062787452432a7f5bd8a7e76.css]
[localhost_3001/assets/header-img-5e6fcb14ddb31fe740251d6c27df2e31.png]
[localhost_3001/page/index.html]
[localhost_3001/assets/health-logo-7ecc5e2388efbabf2c18954c724c5b8d.png]
[localhost_3001/page/result.html]
[localhost_3001/page/new_acc.html]
[localhost_3001/assets/health-logo-2-dcdd9ff22c13af2d8da5f99aff26d5f2.png]
[localhost_3001/page/search.html]
[localhost_3001/page/ask_rdv.html]
[localhost_3001/page/profil.html]
[localhost_3001/page/paramedic_result.html]
[localhost_3001/page/pharma_result.html]
[localhost_3001/page/product_para_result.html]
[localhost_3001/page/hair_color_main.html]
[localhost_3001/page/hair_contact.html]
[localhost_3001/assets/sidebar_img_placeholder-293f7612725cc4f14f03ce2e3fd90702.png]
[localhost_3001/page/hair_service.html]
[localhost_3001/assets/sidebar_img_placeholder-2-2730cc113d87187f3646a623fef755e5.png]
[localhost_3001/page/hair_result.html]
[localhost_3001/assets/header-img-2-5396a3e6a92ff6dda598b1deb77d870c.png]
[localhost_3001/page/hair_main.html]
[localhost_3001/assets/header-img-3-c6bdec91faff61649ea816bbfe0d5e9d.png]
[localhost_3001/assets/martial-logo-d8473dd33caf0b65b294f69c8139320d.png]
[localhost_3001/page/landing_karate.html]
[localhost_3001/page/landing_sport.html]
[localhost_3001/assets/header-img-4-11f7c2ede6a87fb13cbe48388bf3b019.png]
[localhost_3001/page/sport_result.html]
[localhost_3001/assets/header-img-5-0e2cbda9cf51c463a8f94f09988a0e21.png]
[localhost_3001/assets/martial-logo-2-a0e0f8fb095e88ce108c7c6b148749db.png]
[localhost_3001/page/landing_martial.html]
[localhost_3001/assets/sportclub-logo-dd40782b9f1c987c0f4379f9e2641153.png]
[localhost_3001/assets/header-img-6-d2916694457e6392d54779ae65a71922.png]
[localhost_3001/assets/half-clock-42b9700379fea9809198a252a0cde3da.png]
[localhost_3001/page/sport_details.html]
[localhost_3001/page/sport_profil.html]
[localhost_3001/assets/header-img-7-7717d6e0898889201b4ccf150383ba12.png]
[localhost_3001/assets/sidebar_img_placeholder-3-a429b706e11687ff8468e2886b5034f5.png]
[localhost_3001/page/yoga_result.html]
[localhost_3001/assets/art-logo-defb3e3de3bce4dc912fe753857f3d28.png]
[localhost_3001/assets/header-img-8-9a25e718b69115b8ecbec767ce430c52.jpg]
[localhost_3001/assets/sidebar_img_placeholder-4-bf54714744f036b75c744d48b027fee7.png]
[localhost_3001/page/landing_deco.html]
[localhost_3001/assets/deco_logo-e82d8770f158bbbde9683809f62e9b12.png]
[localhost_3001/page/services_deco.html]
[localhost_3001/page/login_deco.html]
[localhost_3001/page/details_deco.html]
[localhost_3001/page/contact_deco.html]
[localhost_3001/page/order_deco.html]
[localhost_3001/assets/header-img-9-b32abf7edf4c4b9f087026e82bd2be74.png]
[localhost_3001/assets/wedding_logo-80119874cc4d60d62427e907c29f51c7.png]
[localhost_3001/assets/wedding_logo_1-d05933b1cfc59787bed062e90786fea4.png]
[localhost_3001/assets/wedding_logo_4-07ff0ab163af3c409acefe04ce9839b6.png]
[localhost_3001/assets/wedding_logo_3-e3cf39b4012798b2855a3cbf33cb2abc.png]
[localhost_3001/assets/wedding_logo_5-3b1958825779980fedb659503519b277.png]
[localhost_3001/assets/wedding_logo_6-55ec941a570187969148ef6d924fa546.png]
[localhost_3001/page/landing_party.html]
[localhost_3001/assets/wedding_logo_7-5d1e8bd731827abf1debaaeb9fb5c51c.png]
[localhost_3001/assets/header-img-10-99df4e5c60e5599ece45b913fe2c1c83.png]
[localhost_3001/assets/party_logo_1-1b6097b5ed953b9664b28ad821099fe5.png]
[localhost_3001/assets/party_logo_2-ec59cfb400c42042f358df854180a988.png]
[localhost_3001/assets/party_logo_3-d40d60cbebe3c30b7a04c235715df1ff.png]
[localhost_3001/assets/party_logo_4-b0779c7c95fb291dcfaf9deef857e43d.png]
[localhost_3001/assets/party_logo_5-247fa38469e3bbbb1b89300cfba8689d.png]
[localhost_3001/assets/party_logo_6-e8584e4347e51b8f2406a81f2b07ee5d.png]
[localhost_3001/assets/sidebar_img_placeholder-5-a78ec99b4d7823d7a37ebcdfe1ef9940.png]
[localhost_3001/page/party_result.html]
[localhost_3001/assets/fashion_logo_1-aa10508c1f8e7ef50f698fcb1c8e44e1.png]
[localhost_3001/assets/fashion_logo_2-9d18dfad7ddaef8f2d5900ebafe8a092.png]
[localhost_3001/assets/fashion_logo_3-a2168f11971997988683fdb6c4e94321.png]
[localhost_3001/assets/fashion_logo_4-94a12a866e7adc9d65dd3ac2a24d6c15.png]
[localhost_3001/page/fashion_result.html]
[localhost_3001/assets/header-img-11-0134ed75b774822f6315747ef6d4184f.png]
[localhost_3001/assets/collection_logo-4313fa26a0e83903d8bf2323c98493a9.png]
[localhost_3001/assets/collection_logo_1-76d68c8600447fdb4b3d8224fe25929e.png]
[localhost_3001/assets/collection_logo_2-198746829df468ebd97a27db5e3fc8af.png]
[localhost_3001/page/fashion_landing.html]
[localhost_3001/assets/slick-c77bd76eb0ec5fc9dc3ba5e76503a4c8.svg]
[localhost_3001/assets/fontawesome-webfont-bab0676b4d8e482f4ea714807ddb69cf78ce.svg]
[localhost_3001/page/javascript.html]
