[backblue.gif]
[fade.gif]
[index.html]
[localhost_3000/assets/vendor/modernizr-3fb923af871d10cc84b8ab1daa4abb627e76.js]
[localhost_3000/assets/p-home-0be4eaab91c9e73dd7a7f4a10a3cba0a.png]
[localhost_3000/assets/p-profil-6390aabb53c09b7ef4ffd3c5512862cb.png]
[localhost_3000/assets/p-home1-84e34931d7d9d0b7216026a8aa6ec9b0.png]
[localhost_3000/assets/p-profil1-d0c0c9eac901dd0668fbb5525db8fa53.png]
[localhost_3000/assets/p-home-custom-1-7d105421f69468b95d280cd813e4aa09.png]
[localhost_3000/assets/p-home-custom-2-caab9aa3786132731c5b33fcc6923cf3.png]
[localhost_3000/assets/p-home-custom-3-1f5af553b7dcd0988478143dba3b1069.png]
[localhost_3000/assets/p-home-custom-4-52aa4de89247113b816574574a13290b.png]
[localhost_3000/assets/p-home-custom-5-76ea67cd434b784b3d3a7130842f0425.png]
[localhost_3000/assets/home-immo-fe0b5fce5e5e16982a8aa457af2145ed.png]
[localhost_3000/assets/home-spa-4ba2f648e99328e3ab06fb7dd9cb7e02.png]
[localhost_3000/assets/home-cosmetic-c73adfa616fc437e637ef0d0d2ffdf8d.png]
[localhost_3000/assets/p-home-dalil-f66b4caa26294a1d1c93c4c6b7be97c3.png]
[localhost_3000/assets/p-home-dalil-2-79966c7dc7744f0ed76ed7739713d5e0.png]
[localhost_3000/assets/p-loan-cc4eb30b6ba18b3696551bd7a30091e0.png]
[localhost_3000/assets/p-timer-2ce28082851ff51ad2d1add46f338cc8.png]
[localhost_3000/assets/jquery/jquery-10c6c7e09c05901741027faf5d80dd847e76.js]
[localhost_3000/assets/jquery_ujs-09ae19b6fb2fc3e967f3b72d566c3f677e76.js]
[localhost_3000/assets/foundation/foundation-0f671884067e1e25d466701dc3120a8f7e76.js]
[localhost_3000/assets/foundation/foundation.abide-b1df52cd1a7e4c1661fc99f0a175610a7e76.js]
[localhost_3000/assets/foundation/foundation.accordion-2ff32cb6251819018921b2ed47f8a9937e76.js]
[localhost_3000/assets/foundation/foundation.alert-2a586e1a64df319eaf543820a1dab8257e76.js]
[localhost_3000/assets/foundation/foundation.clearing-96f83200dd93c77e05ccaf758e57c2957e76.js]
[localhost_3000/assets/foundation/foundation.dropdown-3a1b1f54d357f0dfbe9f8e21064e798b7e76.js]
[localhost_3000/assets/foundation/foundation.interchange-a1c790fe85df11930da97b1522d1d4437e76.js]
[localhost_3000/assets/foundation/foundation.joyride-707d2095e3b3ff71ffc78b709b1367527e76.js]
[localhost_3000/assets/foundation/foundation.magellan-932d201f75eb5de17fbbc77bfacff0dc7e76.js]
[localhost_3000/assets/foundation/foundation.offcanvas-1368ba968b5cdfbef2ff9021a8dddeb67e76.js]
[localhost_3000/assets/foundation/foundation.orbit-73fbef12ea4aee2134b1a5d6f7033b8e7e76.js]
[localhost_3000/assets/foundation/foundation.reveal-86316e546dafd4070a504f5546c5bff47e76.js]
[localhost_3000/assets/foundation/foundation.slider-8371d9845748f8ae6426b19c457d97ff7e76.js]
[localhost_3000/assets/foundation/foundation.tab-43577006e3dce3da07b8ae217aa5eb137e76.js]
[localhost_3000/assets/foundation/foundation.tooltip-684de13702877060825895e941353d837e76.js]
[localhost_3000/assets/foundation/foundation.topbar-016318f71a5780d034465bfcec76a2ca7e76.js]
[localhost_3000/assets/foundation/foundation.equalizer-e7b74976e5614c8d6a48332e1584fc6f7e76.js]
[localhost_3000/assets/foundation-bde350a1dade4d1af3099d32c14afa7d7e76.js]
[localhost_3000/assets/jquery-ui/jquery-ui-a4d0d91beb38c7cd77b21b5ca6ff78c27e76.js]
[localhost_3000/assets/profil1-276da5015f66abb591e476e7f525207d7e76.js]
[localhost_3000/assets/loan-5f9dec093267ce81fc2511459a2ae32d7e76.js]
[localhost_3000/assets/search_result-36c9538314a49cd0542054bb2fb27f267e76.js]
[localhost_3000/assets/pie_timer-886539e97c74ca0ebab1fe61554c6e947e76.js]
[localhost_3000/assets/full_body-7a3fcdec2fe22974e879d120ff2829dd7e76.js]
[localhost_3000/index.html]
[localhost_3000/assets/application-7202b890aaec997f691ca8802615b9337e76.js]
[localhost_3000/assets/century_gothic-19c25f00f2056d87fc1ec789b813972f.ttf]
[localhost_3000/assets/fontawesome-webfont-63c52ca2b855124daa1d7906b371987a.eot]
[localhost_3000/assets/fontawesome-webfont-63c52ca2b855124daa1d7906b371987ad41d.eot]
[localhost_3000/assets/fontawesome-webfont-cc7c38b618c0bf49227a9b5ce0afc0a5.woff]
[localhost_3000/assets/fontawesome-webfont-53be79e7e8c7c664b7c565546184deb7.ttf]
[localhost_3000/assets/jquery-ui/themes/black-tie/images/ui-bg_highlight-hard_100_f9f9f9_1x100-95e8a78968816f213a37fbb084f74d06.png]
[localhost_3000/assets/jquery-ui/themes/black-tie/images/ui-bg_diagonals-thick_8_333333_40x40-61a53de7e8d1ba1df3dec333655caf4a.png]
[localhost_3000/assets/jquery-ui/themes/black-tie/images/ui-bg_glass_40_111111_1x400-0fa9f4371240c7f71b5f88250ae2edd3.png]
[localhost_3000/assets/jquery-ui/themes/black-tie/images/ui-bg_glass_55_1c1c1c_1x400-5c2433fcaf08cd654c07ebdb582dfd7b.png]
[localhost_3000/assets/jquery-ui/themes/black-tie/images/ui-bg_flat_65_ffffff_40x100-4af0ab2a1b39a24686dd27837a489af5.png]
[localhost_3000/assets/jquery-ui/themes/black-tie/images/ui-bg_inset-hard_55_ffeb80_1x100-3d5a4c04a10bf44f6974a62258336b2f.png]
[localhost_3000/assets/jquery-ui/themes/black-tie/images/ui-bg_inset-hard_45_cd0a0a_1x100-8b6dde9080ae66644733436b352395de.png]
[localhost_3000/assets/jquery-ui/themes/black-tie/images/ui-icons_222222_256x240-e75ba8c0379f27f52a0044aab9d13fae.png]
[localhost_3000/assets/jquery-ui/themes/black-tie/images/ui-icons_bbbbbb_256x240-8aa2b55d16298e7f37f04a6b58730460.png]
[localhost_3000/assets/jquery-ui/themes/black-tie/images/ui-icons_ededed_256x240-fb51396b979cf372eface081071b0836.png]
[localhost_3000/assets/jquery-ui/themes/black-tie/images/ui-icons_ffffff_256x240-5a8cfb1c6c7905c9f0ea311b713ddeaa.png]
[localhost_3000/assets/jquery-ui/themes/black-tie/images/ui-icons_4ca300_256x240-f63addbe8ef4621199962958d38ee5b4.png]
[localhost_3000/assets/jquery-ui/themes/black-tie/images/ui-icons_ffcf29_256x240-e31561f76587c802cbd30e40008ccb4c.png]
[localhost_3000/assets/jquery-ui/themes/black-tie/images/ui-bg_highlight-hard_40_aaaaaa_1x100-598b2aa9500782c25625b1b9a3947f92.png]
[localhost_3000/assets/jquery-ui/themes/black-tie/images/ui-bg_highlight-soft_50_aaaaaa_1x100-f7ec572b5d697f46ccf6d08a2bec69fa.png]
[localhost_3000/assets/cosmetic-cca34b8a8a5c1cf4c620f596764975a4.jpg]
[localhost_3000/assets/dalil212-ban-8a9cfee4ca834fc8d15af79f7cc36b32.jpg]
[localhost_3000/assets/background_spa-300696835ce70c31c27a7b8e9a030667.jpg]
[localhost_3000/assets/map-background-header-b8321b24af701f003ba5f3a11bfaa7b4.jpg]
[localhost_3000/assets/application-63e05c7cb47ec711ee2eed783a8078fd7e76.css]
[localhost_3000/p/home.html]
[localhost_3000/p/profil.html]
[localhost_3000/p/home1.html]
[localhost_3000/p/profil1.html]
[localhost_3000/p/custom_home_1.html]
[localhost_3000/p/custom_home_2.html]
[localhost_3000/p/custom_home_3.html]
[localhost_3000/p/custom_home_4.html]
[localhost_3000/p/custom_home_5.html]
[localhost_3000/assets/header-2-ban-ccdfb6391052d08ba362ed2e7bc21a1c.png]
[localhost_3000/assets/header-2-ban-2-15652632308fc682e882e59d191108b7.png]
[localhost_3000/p/home_immo.html]
[localhost_3000/p/spa.html]
[localhost_3000/p/cosmetic.html]
[localhost_3000/assets/flag/flag-euro-d7ecd9f1ec834b01d1c3b46b8a00e329.png]
[localhost_3000/assets/flag/flag-dollar-2480c6b90fcf834852ae6e0fe94ef3ac.png]
[localhost_3000/assets/flag/flag-livre-7fe65f569b28fa05fdea88689145105c.png]
[localhost_3000/assets/flag/flag-dollar2-f5504044cef3c09fddc48b8064fa14f4.png]
[localhost_3000/assets/flag/flag-dirhams-2f9b55d9c1f5ffd0f1d89579fc289b2b.png]
[localhost_3000/assets/flag/flag-yen-53d4ddf979f35c65c01452139a1dc197.png]
[localhost_3000/assets/flag/flag-dinar-7b89df67af183f4df2661c4d224429e2.png]
[localhost_3000/assets/flag/flag-riyal-cb2e6fcc9056d39d73c6ea88e3d98563.png]
[localhost_3000/assets/flag/flag-couronne-1f3e8588efccfda6bfe586f1d49a1fe9.png]
[localhost_3000/p/home_dalil.html]
[localhost_3000/p/loan.html]
[localhost_3000/p/pie_timer.html]
[localhost_3000/assets/jquery-10c6c7e09c05901741027faf5d80dd847e76.js]
[localhost_3000/assets/jquery-ui-a4d0d91beb38c7cd77b21b5ca6ff78c27e76.js]
[localhost_3000/assets/fontawesome-webfont-5922e7cd4607b5726550c1a93c5f0736.svg]
[localhost_3000/wps/skins/html/SKIN_NET_TITLE/images/texte.html]
[localhost_3000/wps/skins/html/SKIN_NET_TITLE/images/texte_ar.html]
[localhost_3000/wps/PA_1_G_18O/chartsrender/js/swfobject.html]
[localhost_3000/wps/PA_1_G_18O/presentation/css/calendar/default-calendar.html]
[localhost_3000/wps/PA_1_G_18O/presentation/templates/tmp2/fr_FR/css/default-manageable.html]
[localhost_3000/wps/PA_1_G_18O/js/layout-common.html]
[localhost_3000/wps/PA_1_G_18O/js/calendar_fr.html]
[localhost_3000/wps/PA_1_G_18O/js/key-events.html]
